<?xml version='1.0' encoding='UTF-8'?>
<testsuite hostname="renghen-Predator" name="org.lunatechlabs.dotty.sudoku.SudokuDetailProcessorSuite" tests="3" errors="0" failures="0" skipped="0" time="0.041" timestamp="2020-07-14T17:13:56">
                     <properties>
      <property name="awt.toolkit" value="sun.awt.X11.XToolkit"/><property name="java.specification.version" value="11"/><property name="sun.cpu.isalist" value=""/><property name="sun.jnu.encoding" value="UTF-8"/><property name="sun.arch.data.model" value="64"/><property name="java.vendor.url" value="https://adoptopenjdk.net/"/><property name="sun.boot.library.path" value="/home/renghen/.sdkman/candidates/java/11.0.7.hs-adpt/lib"/><property name="sun.java.command" value="/home/renghen/.sdkman/candidates/sbt/1.3.10/bin/sbt-launch.jar"/><property name="jdk.debug" value="release"/><property name="java.specification.vendor" value="Oracle Corporation"/><property name="java.version.date" value="2020-04-14"/><property name="java.home" value="/home/renghen/.sdkman/candidates/java/11.0.7.hs-adpt"/><property name="file.separator" value="/"/><property name="java.vm.compressedOopsMode" value="Zero based"/><property name="line.separator" value="
"/><property name="java.specification.name" value="Java Platform API Specification"/><property name="java.vm.specification.vendor" value="Oracle Corporation"/><property name="sun.management.compiler" value="HotSpot 64-Bit Tiered Compilers"/><property name="java.runtime.version" value="11.0.7+10"/><property name="user.name" value="renghen"/><property name="log4j.ignoreTCL" value="true"/><property name="file.encoding" value="UTF-8"/><property name="jnidispatch.path" value="/home/renghen/.cache/JNA/temp/jna2634395418821037115.tmp"/><property name="java.vendor.version" value="AdoptOpenJDK"/><property name="jna.loaded" value="true"/><property name="java.io.tmpdir" value="/tmp"/><property name="java.version" value="11.0.7"/><property name="java.vm.specification.name" value="Java Virtual Machine Specification"/><property name="java.awt.printerjob" value="sun.print.PSPrinterJob"/><property name="sun.os.patch.level" value="unknown"/><property name="java.library.path" value="/usr/java/packages/lib:/usr/lib64:/lib64:/lib:/usr/lib"/><property name="java.vendor" value="AdoptOpenJDK"/><property name="scala.ext.dirs" value="/home/renghen/.sbt/0.13/java9-rt-ext-adoptopenjdk_11_0_7"/><property name="sun.io.unicode.encoding" value="UnicodeLittle"/><property name="java.class.path" value="/home/renghen/.sdkman/candidates/sbt/1.3.10/bin/sbt-launch.jar"/><property name="java.vm.vendor" value="AdoptOpenJDK"/><property name="jline.shutdownhook" value="false"/><property name="user.timezone" value="GMT"/><property name="os.name" value="Linux"/><property name="java.vm.specification.version" value="11"/><property name="sun.java.launcher" value="SUN_STANDARD"/><property name="user.country" value="US"/><property name="sun.cpu.endian" value="little"/><property name="user.home" value="/home/renghen"/><property name="user.language" value="en"/><property name="swoval.tmpdir" value="/home/renghen/.sbt/1.0"/><property name="java.awt.graphicsenv" value="sun.awt.X11GraphicsEnvironment"/><property name="jline.esc.timeout" value="0"/><property name="path.separator" value=":"/><property name="os.version" value="5.4.0-31-generic"/><property name="jna.nosys" value="true"/><property name="java.runtime.name" value="OpenJDK Runtime Environment"/><property name="java.vm.name" value="OpenJDK 64-Bit Server VM"/><property name="jna.platform.library.path" value="/usr/lib/x86_64-linux-gnu:/lib/x86_64-linux-gnu:/usr/lib64:/lib64:/usr/lib:/lib:/lib/i386-linux-gnu:/usr/lib/x86_64-linux-gnu/libfakeroot"/><property name="java.vendor.url.bug" value="https://github.com/AdoptOpenJDK/openjdk-support/issues"/><property name="user.dir" value="/home/renghen/workspace/lunatech-course"/><property name="os.arch" value="amd64"/><property name="java.vm.info" value="mixed mode"/><property name="java.vm.version" value="11.0.7+10"/><property name="java.class.version" value="55.0"/>
    </properties>
                     <testcase classname="org.lunatechlabs.dotty.sudoku.SudokuDetailProcessorSuite" name="Sending no updates to a sudoku detail processor should result in sending a SudokuDetailUnchanged messsage" time="0.032">
                                                 
                                               </testcase><testcase classname="org.lunatechlabs.dotty.sudoku.SudokuDetailProcessorSuite" name="Sending an update to a fresh instance of the SudokuDetailProcessor that sets one cell to a single value should result in sending an update that reflects this update" time="0.003">
                                                 
                                               </testcase><testcase classname="org.lunatechlabs.dotty.sudoku.SudokuDetailProcessorSuite" name="Sending a series of subsequent Updates to a SudokuDetailProcessor should result in sending updates and ultimately return no changes" time="0.006">
                                                 
                                               </testcase>
                     <system-out><![CDATA[]]></system-out>
                     <system-err><![CDATA[]]></system-err>
                   </testsuite>